<?xml version="1.0" encoding="UTF-8"?>
<testng-results skipped="0" failed="0" ignored="0" total="1" passed="1">
  <reporter-output>
  </reporter-output>
  <suite name="Default suite" duration-ms="45" started-at="2018-04-25T08:30:35Z" finished-at="2018-04-25T08:30:35Z">
    <groups>
    </groups>
    <test name="Default test" duration-ms="45" started-at="2018-04-25T08:30:35Z" finished-at="2018-04-25T08:30:35Z">
      <class name="demo.Demo1">
        <test-method status="PASS" signature="createUser()[pri:0, instance:demo.Demo1@39aeed2f]" name="createUser" duration-ms="16" started-at="2018-04-25T14:00:35Z" finished-at="2018-04-25T14:00:35Z">
          <reporter-output>
          </reporter-output>
        </test-method> <!-- createUser -->
      </class> <!-- demo.Demo1 -->
    </test> <!-- Default test -->
  </suite> <!-- Default suite -->
</testng-results>
